* using log directory ‘/Users/nathanalexander/Dropbox/Projects/reviz.Rcheck’
* using R version 4.5.1 (2025-06-13)
* using platform: aarch64-apple-darwin20
* R was compiled by
    Apple clang version 16.0.0 (clang-1600.0.26.6)
    GNU Fortran (GCC) 14.2.0
* running under: macOS Sonoma 14.0
* using session charset: UTF-8
* using options ‘--no-manual --as-cran’
* checking for file ‘reviz/DESCRIPTION’ ... OK
* this is package ‘reviz’ version ‘0.1.0’
* package encoding: UTF-8
* checking package namespace information ... OK
* checking package dependencies ... OK
* checking if this is a source package ... OK
* checking if there is a namespace ... OK
* checking for executable files ... OK
* checking for hidden files and directories ... OK
* checking for portable file names ... OK
* checking for sufficient/correct file permissions ... OK
* checking serialization versions ... OK
* checking whether package ‘reviz’ can be installed ... OK
* checking installed package size ... OK
* checking package directory ... OK
* checking for future file timestamps ... OK
* checking DESCRIPTION meta-information ... NOTE
License stub is invalid DCF.
* checking top-level files ... NOTE
Non-standard file/directory found at top level:
  ‘app.R’
* checking for left-over files ... OK
* checking index information ... OK
* checking package subdirectories ... OK
* checking code files for non-ASCII characters ... OK
* checking R files for syntax errors ... OK
* checking whether the package can be loaded ... OK
* checking whether the package can be loaded with stated dependencies ... OK
* checking whether the package can be unloaded cleanly ... OK
* checking whether the namespace can be loaded with stated dependencies ... OK
* checking whether the namespace can be unloaded cleanly ... OK
* checking dependencies in R code ... OK
* checking S3 generic/method consistency ... OK
* checking replacement functions ... OK
* checking foreign function calls ... OK
* checking R code for possible problems ... NOTE
launch_reviz: no visible global function definition for ‘rnorm’
launch_reviz: no visible binding for global variable ‘mtcars’
launch_reviz : <anonymous>: no visible global function definition for
  ‘req’
launch_reviz : <anonymous>: no visible global function definition for
  ‘read.csv’
launch_reviz : <anonymous>: no visible binding for global variable
  ‘mtcars’
reviz_plot: no visible global function definition for ‘ggplot’
reviz_plot: no visible global function definition for ‘aes_string’
reviz_plot: no visible global function definition for ‘geom_point’
reviz_plot: no visible global function definition for ‘geom_smooth’
reviz_plot: no visible global function definition for ‘theme_minimal’
reviz_plot: no visible global function definition for ‘facet_wrap’
reviz_plot: no visible global function definition for ‘as.formula’
reviz_plot: no visible global function definition for ‘labs’
Undefined global functions or variables:
  aes_string as.formula facet_wrap geom_point geom_smooth ggplot labs
  mtcars read.csv req rnorm theme_minimal
Consider adding
  importFrom("datasets", "mtcars")
  importFrom("stats", "as.formula", "rnorm")
  importFrom("utils", "read.csv")
to your NAMESPACE file.
* checking Rd files ... OK
* checking Rd metadata ... OK
* checking Rd line widths ... OK
* checking Rd cross-references ... OK
* checking for missing documentation entries ... OK
* checking for code/documentation mismatches ... OK
* checking Rd \usage sections ... OK
* checking Rd contents ... OK
* checking for unstated dependencies in examples ... OK
* checking examples ... ERROR
Running examples in ‘reviz-Ex.R’ failed
The error most likely occurred in:

> base::assign(".ptime", proc.time(), pos = "CheckExEnv")
> ### Name: hello
> ### Title: Hello, World!
> ### Aliases: hello
> 
> ### ** Examples
> 
> hello()
Error in hello() : could not find function "hello"
Execution halted
* checking for non-standard things in the check directory ... OK
* checking for detritus in the temp directory ... OK
* DONE
Status: 1 ERROR, 3 NOTEs
